{"/home/alexandrayakuba/frontend-project-lvl2/src/index.js": {"path":"/home/alexandrayakuba/frontend-project-lvl2/src/index.js","all":false,"statementMap":{"0":{"start":{"line":1,"column":0},"end":{"line":1,"column":23}},"1":{"start":{"line":2,"column":0},"end":{"line":2,"column":24}},"2":{"start":{"line":3,"column":0},"end":{"line":3,"column":20}},"3":{"start":{"line":4,"column":0},"end":{"line":4,"column":33}},"4":{"start":{"line":5,"column":0},"end":{"line":5,"column":56}},"5":{"start":{"line":6,"column":0},"end":{"line":6,"column":0}},"6":{"start":{"line":7,"column":0},"end":{"line":7,"column":88}},"7":{"start":{"line":8,"column":0},"end":{"line":8,"column":0}},"8":{"start":{"line":9,"column":0},"end":{"line":9,"column":33}},"9":{"start":{"line":10,"column":0},"end":{"line":10,"column":41}},"10":{"start":{"line":11,"column":0},"end":{"line":11,"column":57}},"11":{"start":{"line":12,"column":0},"end":{"line":12,"column":37}},"12":{"start":{"line":13,"column":0},"end":{"line":13,"column":34}},"13":{"start":{"line":14,"column":0},"end":{"line":14,"column":2}},"14":{"start":{"line":15,"column":0},"end":{"line":15,"column":0}},"15":{"start":{"line":16,"column":0},"end":{"line":16,"column":35}},"16":{"start":{"line":17,"column":0},"end":{"line":17,"column":49}},"17":{"start":{"line":18,"column":0},"end":{"line":18,"column":44}},"18":{"start":{"line":19,"column":0},"end":{"line":19,"column":40}},"19":{"start":{"line":20,"column":0},"end":{"line":20,"column":52}},"20":{"start":{"line":21,"column":0},"end":{"line":21,"column":61}},"21":{"start":{"line":22,"column":0},"end":{"line":22,"column":14}},"22":{"start":{"line":23,"column":0},"end":{"line":23,"column":12}},"23":{"start":{"line":24,"column":0},"end":{"line":24,"column":23}},"24":{"start":{"line":25,"column":0},"end":{"line":25,"column":44}},"25":{"start":{"line":26,"column":0},"end":{"line":26,"column":8}},"26":{"start":{"line":27,"column":0},"end":{"line":27,"column":5}},"27":{"start":{"line":28,"column":0},"end":{"line":28,"column":112}},"28":{"start":{"line":29,"column":0},"end":{"line":29,"column":114}},"29":{"start":{"line":30,"column":0},"end":{"line":30,"column":80}},"30":{"start":{"line":31,"column":0},"end":{"line":31,"column":12}},"31":{"start":{"line":32,"column":0},"end":{"line":32,"column":60}},"32":{"start":{"line":33,"column":0},"end":{"line":33,"column":6}},"33":{"start":{"line":34,"column":0},"end":{"line":34,"column":5}},"34":{"start":{"line":35,"column":0},"end":{"line":35,"column":15}},"35":{"start":{"line":36,"column":0},"end":{"line":36,"column":2}},"36":{"start":{"line":37,"column":0},"end":{"line":37,"column":0}},"37":{"start":{"line":38,"column":0},"end":{"line":38,"column":77}},"38":{"start":{"line":39,"column":0},"end":{"line":39,"column":39}},"39":{"start":{"line":40,"column":0},"end":{"line":40,"column":36}},"40":{"start":{"line":41,"column":0},"end":{"line":41,"column":28}},"41":{"start":{"line":42,"column":0},"end":{"line":42,"column":37}},"42":{"start":{"line":43,"column":0},"end":{"line":43,"column":51}},"43":{"start":{"line":44,"column":0},"end":{"line":44,"column":16}},"44":{"start":{"line":45,"column":0},"end":{"line":45,"column":2}}},"s":{"0":1,"1":1,"2":1,"3":1,"4":1,"5":1,"6":1,"7":1,"8":1,"9":8,"10":8,"11":8,"12":8,"13":8,"14":1,"15":1,"16":20,"17":20,"18":20,"19":72,"20":72,"21":16,"22":16,"23":16,"24":16,"25":16,"26":16,"27":72,"28":72,"29":72,"30":72,"31":72,"32":72,"33":72,"34":20,"35":20,"36":1,"37":1,"38":4,"39":4,"40":4,"41":4,"42":4,"43":4,"44":4},"branchMap":{"0":{"type":"branch","line":7,"loc":{"start":{"line":7,"column":21},"end":{"line":7,"column":38}},"locations":[{"start":{"line":7,"column":21},"end":{"line":7,"column":38}}]},"1":{"type":"branch","line":9,"loc":{"start":{"line":9,"column":19},"end":{"line":14,"column":2}},"locations":[{"start":{"line":9,"column":19},"end":{"line":14,"column":2}}]},"2":{"type":"branch","line":16,"loc":{"start":{"line":16,"column":18},"end":{"line":36,"column":2}},"locations":[{"start":{"line":16,"column":18},"end":{"line":36,"column":2}}]},"3":{"type":"branch","line":19,"loc":{"start":{"line":19,"column":31},"end":{"line":34,"column":5}},"locations":[{"start":{"line":19,"column":31},"end":{"line":34,"column":5}}]},"4":{"type":"branch","line":21,"loc":{"start":{"line":21,"column":8},"end":{"line":21,"column":36}},"locations":[{"start":{"line":21,"column":8},"end":{"line":21,"column":36}}]},"5":{"type":"branch","line":21,"loc":{"start":{"line":21,"column":60},"end":{"line":27,"column":5}},"locations":[{"start":{"line":21,"column":60},"end":{"line":27,"column":5}}]},"6":{"type":"branch","line":28,"loc":{"start":{"line":28,"column":8},"end":{"line":28,"column":43}},"locations":[{"start":{"line":28,"column":8},"end":{"line":28,"column":43}}]},"7":{"type":"branch","line":28,"loc":{"start":{"line":28,"column":63},"end":{"line":28,"column":112}},"locations":[{"start":{"line":28,"column":63},"end":{"line":28,"column":112}}]},"8":{"type":"branch","line":29,"loc":{"start":{"line":29,"column":63},"end":{"line":29,"column":114}},"locations":[{"start":{"line":29,"column":63},"end":{"line":29,"column":114}}]},"9":{"type":"branch","line":30,"loc":{"start":{"line":30,"column":-1},"end":{"line":30,"column":8}},"locations":[{"start":{"line":30,"column":-1},"end":{"line":30,"column":8}}]},"10":{"type":"branch","line":30,"loc":{"start":{"line":30,"column":27},"end":{"line":30,"column":80}},"locations":[{"start":{"line":30,"column":27},"end":{"line":30,"column":80}}]},"11":{"type":"branch","line":38,"loc":{"start":{"line":38,"column":26},"end":{"line":45,"column":2}},"locations":[{"start":{"line":38,"column":26},"end":{"line":45,"column":2}}]}},"b":{"0":[8],"1":[8],"2":[20],"3":[72],"4":[24],"5":[16],"6":[20],"7":[20],"8":[8],"9":[28],"10":[12],"11":[4]},"fnMap":{"0":{"name":"getFullPath","decl":{"start":{"line":7,"column":21},"end":{"line":7,"column":38}},"loc":{"start":{"line":7,"column":21},"end":{"line":7,"column":38}},"line":7},"1":{"name":"parseData","decl":{"start":{"line":9,"column":19},"end":{"line":14,"column":2}},"loc":{"start":{"line":9,"column":19},"end":{"line":14,"column":2}},"line":9},"2":{"name":"buildTree","decl":{"start":{"line":16,"column":18},"end":{"line":36,"column":2}},"loc":{"start":{"line":16,"column":18},"end":{"line":36,"column":2}},"line":16},"3":{"name":"engineDiff","decl":{"start":{"line":38,"column":26},"end":{"line":45,"column":2}},"loc":{"start":{"line":38,"column":26},"end":{"line":45,"column":2}},"line":38}},"f":{"0":8,"1":8,"2":20,"3":4}}
,"/home/alexandrayakuba/frontend-project-lvl2/src/parser.js": {"path":"/home/alexandrayakuba/frontend-project-lvl2/src/parser.js","all":false,"statementMap":{"0":{"start":{"line":1,"column":0},"end":{"line":1,"column":27}},"1":{"start":{"line":2,"column":0},"end":{"line":2,"column":0}},"2":{"start":{"line":3,"column":0},"end":{"line":3,"column":38}},"3":{"start":{"line":4,"column":0},"end":{"line":4,"column":16}},"4":{"start":{"line":5,"column":0},"end":{"line":5,"column":16}},"5":{"start":{"line":6,"column":0},"end":{"line":6,"column":17}},"6":{"start":{"line":7,"column":0},"end":{"line":7,"column":36}},"7":{"start":{"line":8,"column":0},"end":{"line":8,"column":17}},"8":{"start":{"line":9,"column":0},"end":{"line":9,"column":37}},"9":{"start":{"line":10,"column":0},"end":{"line":10,"column":3}},"10":{"start":{"line":11,"column":0},"end":{"line":11,"column":2}},"11":{"start":{"line":12,"column":0},"end":{"line":12,"column":0}},"12":{"start":{"line":13,"column":0},"end":{"line":13,"column":22}}},"s":{"0":1,"1":1,"2":1,"3":8,"4":8,"5":8,"6":8,"7":8,"8":8,"9":8,"10":8,"11":1,"12":1},"branchMap":{"0":{"type":"branch","line":3,"loc":{"start":{"line":3,"column":15},"end":{"line":11,"column":2}},"locations":[{"start":{"line":3,"column":15},"end":{"line":11,"column":2}}]},"1":{"type":"branch","line":5,"loc":{"start":{"line":5,"column":4},"end":{"line":5,"column":9}},"locations":[{"start":{"line":5,"column":4},"end":{"line":5,"column":9}}]},"2":{"type":"branch","line":6,"loc":{"start":{"line":6,"column":4},"end":{"line":7,"column":13}},"locations":[{"start":{"line":6,"column":4},"end":{"line":7,"column":13}}]},"3":{"type":"branch","line":8,"loc":{"start":{"line":8,"column":4},"end":{"line":9,"column":13}},"locations":[{"start":{"line":8,"column":4},"end":{"line":9,"column":13}}]}},"b":{"0":[8],"1":[0],"2":[4],"3":[4]},"fnMap":{"0":{"name":"parser","decl":{"start":{"line":3,"column":15},"end":{"line":11,"column":2}},"loc":{"start":{"line":3,"column":15},"end":{"line":11,"column":2}},"line":3}},"f":{"0":8}}
,"/home/alexandrayakuba/frontend-project-lvl2/src/formatters/index.js": {"path":"/home/alexandrayakuba/frontend-project-lvl2/src/formatters/index.js","all":false,"statementMap":{"0":{"start":{"line":1,"column":0},"end":{"line":1,"column":39}},"1":{"start":{"line":2,"column":0},"end":{"line":2,"column":35}},"2":{"start":{"line":3,"column":0},"end":{"line":3,"column":0}},"3":{"start":{"line":4,"column":0},"end":{"line":4,"column":54}},"4":{"start":{"line":5,"column":0},"end":{"line":5,"column":23}},"5":{"start":{"line":6,"column":0},"end":{"line":6,"column":19}},"6":{"start":{"line":7,"column":0},"end":{"line":7,"column":27}},"7":{"start":{"line":8,"column":0},"end":{"line":8,"column":17}},"8":{"start":{"line":9,"column":0},"end":{"line":9,"column":25}},"9":{"start":{"line":10,"column":0},"end":{"line":10,"column":3}},"10":{"start":{"line":11,"column":0},"end":{"line":11,"column":2}}},"s":{"0":1,"1":1,"2":1,"3":1,"4":4,"5":4,"6":4,"7":4,"8":4,"9":4,"10":4},"branchMap":{"0":{"type":"branch","line":4,"loc":{"start":{"line":4,"column":31},"end":{"line":11,"column":2}},"locations":[{"start":{"line":4,"column":31},"end":{"line":11,"column":2}}]},"1":{"type":"branch","line":6,"loc":{"start":{"line":6,"column":4},"end":{"line":7,"column":13}},"locations":[{"start":{"line":6,"column":4},"end":{"line":7,"column":13}}]},"2":{"type":"branch","line":8,"loc":{"start":{"line":8,"column":4},"end":{"line":9,"column":13}},"locations":[{"start":{"line":8,"column":4},"end":{"line":9,"column":13}}]}},"b":{"0":[4],"1":[2],"2":[2]},"fnMap":{"0":{"name":"formatterResult","decl":{"start":{"line":4,"column":31},"end":{"line":11,"column":2}},"loc":{"start":{"line":4,"column":31},"end":{"line":11,"column":2}},"line":4}},"f":{"0":4}}
,"/home/alexandrayakuba/frontend-project-lvl2/src/formatters/plain.js": {"path":"/home/alexandrayakuba/frontend-project-lvl2/src/formatters/plain.js","all":false,"statementMap":{"0":{"start":{"line":1,"column":0},"end":{"line":1,"column":23}},"1":{"start":{"line":2,"column":0},"end":{"line":2,"column":0}},"2":{"start":{"line":3,"column":0},"end":{"line":3,"column":29}},"3":{"start":{"line":4,"column":0},"end":{"line":4,"column":26}},"4":{"start":{"line":5,"column":0},"end":{"line":5,"column":29}},"5":{"start":{"line":6,"column":0},"end":{"line":6,"column":3}},"6":{"start":{"line":7,"column":0},"end":{"line":7,"column":26}},"7":{"start":{"line":8,"column":0},"end":{"line":8,"column":24}},"8":{"start":{"line":9,"column":0},"end":{"line":9,"column":3}},"9":{"start":{"line":10,"column":0},"end":{"line":10,"column":15}},"10":{"start":{"line":11,"column":0},"end":{"line":11,"column":2}},"11":{"start":{"line":12,"column":0},"end":{"line":12,"column":0}},"12":{"start":{"line":13,"column":0},"end":{"line":13,"column":47}},"13":{"start":{"line":14,"column":0},"end":{"line":14,"column":24}},"14":{"start":{"line":15,"column":0},"end":{"line":15,"column":44}},"15":{"start":{"line":16,"column":0},"end":{"line":16,"column":3}},"16":{"start":{"line":17,"column":0},"end":{"line":17,"column":28}},"17":{"start":{"line":18,"column":0},"end":{"line":18,"column":2}},"18":{"start":{"line":19,"column":0},"end":{"line":19,"column":0}},"19":{"start":{"line":20,"column":0},"end":{"line":20,"column":32}},"20":{"start":{"line":21,"column":0},"end":{"line":21,"column":37}},"21":{"start":{"line":22,"column":0},"end":{"line":22,"column":11}},"22":{"start":{"line":23,"column":0},"end":{"line":23,"column":43}},"23":{"start":{"line":24,"column":0},"end":{"line":24,"column":13}},"24":{"start":{"line":25,"column":0},"end":{"line":25,"column":19}},"25":{"start":{"line":26,"column":0},"end":{"line":26,"column":20}},"26":{"start":{"line":27,"column":0},"end":{"line":27,"column":85}},"27":{"start":{"line":28,"column":0},"end":{"line":28,"column":19}},"28":{"start":{"line":29,"column":0},"end":{"line":29,"column":83}},"29":{"start":{"line":30,"column":0},"end":{"line":30,"column":21}},"30":{"start":{"line":31,"column":0},"end":{"line":31,"column":54}},"31":{"start":{"line":32,"column":0},"end":{"line":32,"column":21}},"32":{"start":{"line":33,"column":0},"end":{"line":33,"column":104}},"33":{"start":{"line":34,"column":0},"end":{"line":34,"column":23}},"34":{"start":{"line":35,"column":0},"end":{"line":35,"column":18}},"35":{"start":{"line":36,"column":0},"end":{"line":36,"column":5}},"36":{"start":{"line":37,"column":0},"end":{"line":37,"column":4}},"37":{"start":{"line":38,"column":0},"end":{"line":38,"column":48}},"38":{"start":{"line":39,"column":0},"end":{"line":39,"column":32}},"39":{"start":{"line":40,"column":0},"end":{"line":40,"column":2}}},"s":{"0":1,"1":1,"2":1,"3":26,"4":6,"5":6,"6":26,"7":14,"8":14,"9":26,"10":26,"11":1,"12":1,"13":0,"14":0,"15":0,"16":0,"17":0,"18":1,"19":1,"20":2,"21":36,"22":36,"23":36,"24":36,"25":36,"26":36,"27":36,"28":36,"29":36,"30":36,"31":36,"32":36,"33":36,"34":36,"35":36,"36":36,"37":2,"38":2,"39":2},"branchMap":{"0":{"type":"branch","line":3,"loc":{"start":{"line":3,"column":18},"end":{"line":11,"column":2}},"locations":[{"start":{"line":3,"column":18},"end":{"line":11,"column":2}}]},"1":{"type":"branch","line":4,"loc":{"start":{"line":4,"column":25},"end":{"line":6,"column":3}},"locations":[{"start":{"line":4,"column":25},"end":{"line":6,"column":3}}]},"2":{"type":"branch","line":7,"loc":{"start":{"line":7,"column":25},"end":{"line":9,"column":3}},"locations":[{"start":{"line":7,"column":25},"end":{"line":9,"column":3}}]},"3":{"type":"branch","line":20,"loc":{"start":{"line":20,"column":22},"end":{"line":40,"column":2}},"locations":[{"start":{"line":20,"column":22},"end":{"line":40,"column":2}}]},"4":{"type":"branch","line":21,"loc":{"start":{"line":21,"column":15},"end":{"line":37,"column":4}},"locations":[{"start":{"line":21,"column":15},"end":{"line":37,"column":4}}]},"5":{"type":"branch","line":26,"loc":{"start":{"line":26,"column":6},"end":{"line":27,"column":15}},"locations":[{"start":{"line":26,"column":6},"end":{"line":27,"column":15}}]},"6":{"type":"branch","line":28,"loc":{"start":{"line":28,"column":6},"end":{"line":29,"column":16}},"locations":[{"start":{"line":28,"column":6},"end":{"line":29,"column":16}}]},"7":{"type":"branch","line":30,"loc":{"start":{"line":30,"column":6},"end":{"line":31,"column":16}},"locations":[{"start":{"line":30,"column":6},"end":{"line":31,"column":16}}]},"8":{"type":"branch","line":32,"loc":{"start":{"line":32,"column":6},"end":{"line":33,"column":16}},"locations":[{"start":{"line":32,"column":6},"end":{"line":33,"column":16}}]},"9":{"type":"branch","line":34,"loc":{"start":{"line":34,"column":6},"end":{"line":35,"column":15}},"locations":[{"start":{"line":34,"column":6},"end":{"line":35,"column":15}}]},"10":{"type":"branch","line":27,"loc":{"start":{"line":27,"column":33},"end":{"line":27,"column":48}},"locations":[{"start":{"line":27,"column":33},"end":{"line":27,"column":48}}]},"11":{"type":"branch","line":38,"loc":{"start":{"line":38,"column":27},"end":{"line":38,"column":41}},"locations":[{"start":{"line":38,"column":27},"end":{"line":38,"column":41}}]}},"b":{"0":[26],"1":[6],"2":[14],"3":[2],"4":[36],"5":[8],"6":[10],"7":[4],"8":[8],"9":[6],"10":[28],"11":[8]},"fnMap":{"0":{"name":"isObject","decl":{"start":{"line":3,"column":18},"end":{"line":11,"column":2}},"loc":{"start":{"line":3,"column":18},"end":{"line":11,"column":2}},"line":3},"1":{"name":"isNested","decl":{"start":{"line":13,"column":17},"end":{"line":18,"column":2}},"loc":{"start":{"line":13,"column":17},"end":{"line":18,"column":2}},"line":13},"2":{"name":"plain","decl":{"start":{"line":20,"column":22},"end":{"line":40,"column":2}},"loc":{"start":{"line":20,"column":22},"end":{"line":40,"column":2}},"line":20},"3":{"name":"iter","decl":{"start":{"line":21,"column":15},"end":{"line":37,"column":4}},"loc":{"start":{"line":21,"column":15},"end":{"line":37,"column":4}},"line":21}},"f":{"0":26,"1":0,"2":2,"3":36}}
,"/home/alexandrayakuba/frontend-project-lvl2/src/formatters/stylish.js": {"path":"/home/alexandrayakuba/frontend-project-lvl2/src/formatters/stylish.js","all":false,"statementMap":{"0":{"start":{"line":1,"column":0},"end":{"line":1,"column":23}},"1":{"start":{"line":2,"column":0},"end":{"line":2,"column":0}},"2":{"start":{"line":3,"column":0},"end":{"line":3,"column":40}},"3":{"start":{"line":4,"column":0},"end":{"line":4,"column":27}},"4":{"start":{"line":5,"column":0},"end":{"line":5,"column":17}},"5":{"start":{"line":6,"column":0},"end":{"line":6,"column":3}},"6":{"start":{"line":7,"column":0},"end":{"line":7,"column":39}},"7":{"start":{"line":8,"column":0},"end":{"line":8,"column":19}},"8":{"start":{"line":9,"column":0},"end":{"line":9,"column":107}},"9":{"start":{"line":10,"column":0},"end":{"line":10,"column":63}},"10":{"start":{"line":11,"column":0},"end":{"line":11,"column":2}},"11":{"start":{"line":12,"column":0},"end":{"line":12,"column":0}},"12":{"start":{"line":13,"column":0},"end":{"line":13,"column":34}},"13":{"start":{"line":14,"column":0},"end":{"line":14,"column":19}},"14":{"start":{"line":15,"column":0},"end":{"line":15,"column":19}},"15":{"start":{"line":16,"column":0},"end":{"line":16,"column":17}},"16":{"start":{"line":17,"column":0},"end":{"line":17,"column":15}},"17":{"start":{"line":18,"column":0},"end":{"line":18,"column":4}},"18":{"start":{"line":19,"column":0},"end":{"line":19,"column":37}},"19":{"start":{"line":20,"column":0},"end":{"line":20,"column":11}},"20":{"start":{"line":21,"column":0},"end":{"line":21,"column":43}},"21":{"start":{"line":22,"column":0},"end":{"line":22,"column":13}},"22":{"start":{"line":23,"column":0},"end":{"line":23,"column":21}},"23":{"start":{"line":24,"column":0},"end":{"line":24,"column":19}},"24":{"start":{"line":25,"column":0},"end":{"line":25,"column":23}},"25":{"start":{"line":26,"column":0},"end":{"line":26,"column":19}},"26":{"start":{"line":27,"column":0},"end":{"line":27,"column":21}},"27":{"start":{"line":28,"column":0},"end":{"line":28,"column":88}},"28":{"start":{"line":29,"column":0},"end":{"line":29,"column":21}},"29":{"start":{"line":30,"column":0},"end":{"line":30,"column":165}},"30":{"start":{"line":31,"column":0},"end":{"line":31,"column":20}},"31":{"start":{"line":32,"column":0},"end":{"line":32,"column":81}},"32":{"start":{"line":33,"column":0},"end":{"line":33,"column":98}},"33":{"start":{"line":34,"column":0},"end":{"line":34,"column":5}},"34":{"start":{"line":35,"column":0},"end":{"line":35,"column":4}},"35":{"start":{"line":36,"column":0},"end":{"line":36,"column":48}},"36":{"start":{"line":37,"column":0},"end":{"line":37,"column":38}},"37":{"start":{"line":38,"column":0},"end":{"line":38,"column":2}}},"s":{"0":1,"1":1,"2":1,"3":54,"4":40,"5":40,"6":54,"7":54,"8":54,"9":54,"10":54,"11":1,"12":1,"13":2,"14":2,"15":2,"16":2,"17":2,"18":2,"19":36,"20":36,"21":36,"22":36,"23":36,"24":0,"25":0,"26":0,"27":0,"28":0,"29":0,"30":0,"31":0,"32":0,"33":0,"34":0,"35":2,"36":2,"37":2},"branchMap":{"0":{"type":"branch","line":3,"loc":{"start":{"line":3,"column":17},"end":{"line":11,"column":2}},"locations":[{"start":{"line":3,"column":17},"end":{"line":11,"column":2}}]},"1":{"type":"branch","line":4,"loc":{"start":{"line":4,"column":26},"end":{"line":6,"column":3}},"locations":[{"start":{"line":4,"column":26},"end":{"line":6,"column":3}}]},"2":{"type":"branch","line":9,"loc":{"start":{"line":9,"column":33},"end":{"line":9,"column":107}},"locations":[{"start":{"line":9,"column":33},"end":{"line":9,"column":107}}]},"3":{"type":"branch","line":13,"loc":{"start":{"line":13,"column":24},"end":{"line":38,"column":2}},"locations":[{"start":{"line":13,"column":24},"end":{"line":38,"column":2}}]},"4":{"type":"branch","line":19,"loc":{"start":{"line":19,"column":15},"end":{"line":35,"column":4}},"locations":[{"start":{"line":19,"column":15},"end":{"line":35,"column":4}}]},"5":{"type":"branch","line":25,"loc":{"start":{"line":25,"column":6},"end":{"line":25,"column":11}},"locations":[{"start":{"line":25,"column":6},"end":{"line":25,"column":11}}]},"6":{"type":"branch","line":26,"loc":{"start":{"line":26,"column":6},"end":{"line":26,"column":11}},"locations":[{"start":{"line":26,"column":6},"end":{"line":26,"column":11}}]},"7":{"type":"branch","line":27,"loc":{"start":{"line":27,"column":6},"end":{"line":28,"column":16}},"locations":[{"start":{"line":27,"column":6},"end":{"line":28,"column":16}}]},"8":{"type":"branch","line":29,"loc":{"start":{"line":29,"column":6},"end":{"line":30,"column":16}},"locations":[{"start":{"line":29,"column":6},"end":{"line":30,"column":16}}]},"9":{"type":"branch","line":31,"loc":{"start":{"line":31,"column":6},"end":{"line":33,"column":16}},"locations":[{"start":{"line":31,"column":6},"end":{"line":33,"column":16}}]},"10":{"type":"branch","line":24,"loc":{"start":{"line":24,"column":4},"end":{"line":35,"column":4}},"locations":[{"start":{"line":24,"column":4},"end":{"line":35,"column":4}}]},"11":{"type":"branch","line":32,"loc":{"start":{"line":32,"column":47},"end":{"line":32,"column":62}},"locations":[{"start":{"line":32,"column":47},"end":{"line":32,"column":62}}]},"12":{"type":"branch","line":36,"loc":{"start":{"line":36,"column":27},"end":{"line":36,"column":41}},"locations":[{"start":{"line":36,"column":27},"end":{"line":36,"column":41}}]}},"b":{"0":[54],"1":[40],"2":[18],"3":[2],"4":[36],"5":[6],"6":[16],"7":[20],"8":[8],"9":[8],"10":[0],"11":[28],"12":[8]},"fnMap":{"0":{"name":"isObject","decl":{"start":{"line":3,"column":17},"end":{"line":11,"column":2}},"loc":{"start":{"line":3,"column":17},"end":{"line":11,"column":2}},"line":3},"1":{"name":"stylish","decl":{"start":{"line":13,"column":24},"end":{"line":38,"column":2}},"loc":{"start":{"line":13,"column":24},"end":{"line":38,"column":2}},"line":13},"2":{"name":"iter","decl":{"start":{"line":19,"column":15},"end":{"line":35,"column":4}},"loc":{"start":{"line":19,"column":15},"end":{"line":35,"column":4}},"line":19}},"f":{"0":54,"1":2,"2":36}}
}
