TN:
SF:src/index.js
FN:7,getFullPath
FN:9,parseData
FN:16,buildTree
FN:38,engineDiff
FNF:4
FNH:4
FNDA:8,getFullPath
FNDA:8,parseData
FNDA:20,buildTree
FNDA:4,engineDiff
DA:1,1
DA:2,1
DA:3,1
DA:4,1
DA:5,1
DA:6,1
DA:7,1
DA:8,1
DA:9,1
DA:10,8
DA:11,8
DA:12,8
DA:13,8
DA:14,8
DA:15,1
DA:16,1
DA:17,20
DA:18,20
DA:19,20
DA:20,72
DA:21,72
DA:22,16
DA:23,16
DA:24,16
DA:25,16
DA:26,16
DA:27,16
DA:28,72
DA:29,72
DA:30,72
DA:31,72
DA:32,72
DA:33,72
DA:34,72
DA:35,20
DA:36,20
DA:37,1
DA:38,1
DA:39,4
DA:40,4
DA:41,4
DA:42,4
DA:43,4
DA:44,4
DA:45,4
LF:45
LH:45
BRDA:7,0,0,8
BRDA:9,1,0,8
BRDA:16,2,0,20
BRDA:19,3,0,72
BRDA:21,4,0,24
BRDA:21,5,0,16
BRDA:28,6,0,20
BRDA:28,7,0,20
BRDA:29,8,0,8
BRDA:30,9,0,28
BRDA:30,10,0,12
BRDA:38,11,0,4
BRF:12
BRH:12
end_of_record
TN:
SF:src/parser.js
FN:3,parser
FNF:1
FNH:1
FNDA:8,parser
DA:1,1
DA:2,1
DA:3,1
DA:4,8
DA:5,8
DA:6,8
DA:7,8
DA:8,8
DA:9,8
DA:10,8
DA:11,8
DA:12,1
DA:13,1
LF:13
LH:13
BRDA:3,0,0,8
BRDA:5,1,0,0
BRDA:6,2,0,4
BRDA:8,3,0,4
BRF:4
BRH:3
end_of_record
TN:
SF:src/formatters/index.js
FN:4,formatterResult
FNF:1
FNH:1
FNDA:4,formatterResult
DA:1,1
DA:2,1
DA:3,1
DA:4,1
DA:5,4
DA:6,4
DA:7,4
DA:8,4
DA:9,4
DA:10,4
DA:11,4
LF:11
LH:11
BRDA:4,0,0,4
BRDA:6,1,0,2
BRDA:8,2,0,2
BRF:3
BRH:3
end_of_record
TN:
SF:src/formatters/plain.js
FN:3,isObject
FN:13,isNested
FN:20,plain
FN:21,iter
FNF:4
FNH:3
FNDA:26,isObject
FNDA:0,isNested
FNDA:2,plain
FNDA:36,iter
DA:1,1
DA:2,1
DA:3,1
DA:4,26
DA:5,6
DA:6,6
DA:7,26
DA:8,14
DA:9,14
DA:10,26
DA:11,26
DA:12,1
DA:13,1
DA:14,0
DA:15,0
DA:16,0
DA:17,0
DA:18,0
DA:19,1
DA:20,1
DA:21,2
DA:22,36
DA:23,36
DA:24,36
DA:25,36
DA:26,36
DA:27,36
DA:28,36
DA:29,36
DA:30,36
DA:31,36
DA:32,36
DA:33,36
DA:34,36
DA:35,36
DA:36,36
DA:37,36
DA:38,2
DA:39,2
DA:40,2
LF:40
LH:35
BRDA:3,0,0,26
BRDA:4,1,0,6
BRDA:7,2,0,14
BRDA:20,3,0,2
BRDA:21,4,0,36
BRDA:26,5,0,8
BRDA:28,6,0,10
BRDA:30,7,0,4
BRDA:32,8,0,8
BRDA:34,9,0,6
BRDA:27,10,0,28
BRDA:38,11,0,8
BRF:12
BRH:12
end_of_record
TN:
SF:src/formatters/stylish.js
FN:3,isObject
FN:13,stylish
FN:19,iter
FNF:3
FNH:3
FNDA:54,isObject
FNDA:2,stylish
FNDA:36,iter
DA:1,1
DA:2,1
DA:3,1
DA:4,54
DA:5,40
DA:6,40
DA:7,54
DA:8,54
DA:9,54
DA:10,54
DA:11,54
DA:12,1
DA:13,1
DA:14,2
DA:15,2
DA:16,2
DA:17,2
DA:18,2
DA:19,2
DA:20,36
DA:21,36
DA:22,36
DA:23,36
DA:24,36
DA:25,0
DA:26,0
DA:27,0
DA:28,0
DA:29,0
DA:30,0
DA:31,0
DA:32,0
DA:33,0
DA:34,0
DA:35,0
DA:36,2
DA:37,2
DA:38,2
LF:38
LH:27
BRDA:3,0,0,54
BRDA:4,1,0,40
BRDA:9,2,0,18
BRDA:13,3,0,2
BRDA:19,4,0,36
BRDA:25,5,0,6
BRDA:26,6,0,16
BRDA:27,7,0,20
BRDA:29,8,0,8
BRDA:31,9,0,8
BRDA:24,10,0,0
BRDA:32,11,0,28
BRDA:36,12,0,8
BRF:13
BRH:12
end_of_record
